<?xml version="1.0" encoding="UTF-8"?>
<coverage generated="1621537310590" clover="3.2.0">
  <project timestamp="1621537310590" name="All files">
    <metrics statements="111" coveredstatements="101" conditionals="38" coveredconditionals="35" methods="18" coveredmethods="17" elements="167" coveredelements="153" complexity="0" loc="111" ncloc="111" packages="1" files="1" classes="1"/>
    <file name="index.js" path="/Users/a.nosov/hexlet/frontent-testing-react-project-lvl1/src/index.js">
      <metrics statements="111" coveredstatements="101" conditionals="38" coveredconditionals="35" methods="18" coveredmethods="17"/>
      <line num="8" count="4" type="stmt"/>
      <line num="9" count="4" type="stmt"/>
      <line num="20" count="4" type="stmt"/>
      <line num="22" count="4" type="stmt"/>
      <line num="31" count="107" type="stmt"/>
      <line num="33" count="4" type="stmt"/>
      <line num="39" count="4" type="cond" truecount="1" falsecount="0"/>
      <line num="40" count="73" type="stmt"/>
      <line num="42" count="73" type="cond" truecount="2" falsecount="0"/>
      <line num="43" count="64" type="stmt"/>
      <line num="44" count="64" type="stmt"/>
      <line num="45" count="64" type="stmt"/>
      <line num="46" count="64" type="cond" truecount="2" falsecount="0"/>
      <line num="47" count="63" type="stmt"/>
      <line num="48" count="63" type="stmt"/>
      <line num="51" count="9" type="stmt"/>
      <line num="53" count="73" type="stmt"/>
      <line num="56" count="72" type="stmt"/>
      <line num="59" count="4" type="stmt"/>
      <line num="60" count="9" type="cond" truecount="2" falsecount="0"/>
      <line num="61" count="2" type="stmt"/>
      <line num="63" count="9" type="cond" truecount="2" falsecount="0"/>
      <line num="64" count="1" type="stmt"/>
      <line num="66" count="9" type="stmt"/>
      <line num="69" count="4" type="stmt"/>
      <line num="71" count="9" type="stmt"/>
      <line num="72" count="9" type="stmt"/>
      <line num="74" count="1" type="stmt"/>
      <line num="75" count="1" type="stmt"/>
      <line num="78" count="9" type="cond" truecount="4" falsecount="0"/>
      <line num="79" count="8" type="stmt"/>
      <line num="81" count="1" type="stmt"/>
      <line num="82" count="1" type="stmt"/>
      <line num="83" count="1" type="stmt"/>
      <line num="87" count="4" type="stmt"/>
      <line num="88" count="8" type="stmt"/>
      <line num="89" count="8" type="stmt"/>
      <line num="90" count="24" type="stmt"/>
      <line num="91" count="194" type="stmt"/>
      <line num="92" count="194" type="stmt"/>
      <line num="93" count="194" type="cond" truecount="2" falsecount="0"/>
      <line num="94" count="57" type="stmt"/>
      <line num="98" count="8" type="stmt"/>
      <line num="101" count="4" type="stmt"/>
      <line num="103" count="24" type="stmt"/>
      <line num="104" count="24" type="stmt"/>
      <line num="105" count="24" type="cond" truecount="2" falsecount="0"/>
      <line num="106" count="1" type="stmt"/>
      <line num="107" count="1" type="cond" truecount="1" falsecount="1"/>
      <line num="108" count="0" type="stmt"/>
      <line num="109" count="0" type="stmt"/>
      <line num="114" count="0" type="stmt"/>
      <line num="115" count="0" type="stmt"/>
      <line num="119" count="4" type="stmt"/>
      <line num="120" count="24" type="stmt"/>
      <line num="121" count="24" type="stmt"/>
      <line num="122" count="24" type="stmt"/>
      <line num="123" count="24" type="stmt"/>
      <line num="124" count="24" type="stmt"/>
      <line num="125" count="24" type="stmt"/>
      <line num="126" count="24" type="stmt"/>
      <line num="127" count="193" type="stmt"/>
      <line num="130" count="193" type="cond" truecount="5" falsecount="0"/>
      <line num="131" count="107" type="stmt"/>
      <line num="133" count="86" type="stmt"/>
      <line num="134" count="86" type="cond" truecount="1" falsecount="1"/>
      <line num="135" count="86" type="stmt"/>
      <line num="141" count="86" type="cond" truecount="2" falsecount="0"/>
      <line num="142" count="64" type="stmt"/>
      <line num="143" count="63" type="stmt"/>
      <line num="144" count="63" type="stmt"/>
      <line num="145" count="63" type="cond" truecount="2" falsecount="0"/>
      <line num="146" count="6" type="stmt"/>
      <line num="148" count="57" type="stmt"/>
      <line num="153" count="23" type="stmt"/>
      <line num="154" count="23" type="stmt"/>
      <line num="155" count="23" type="stmt"/>
      <line num="157" count="23" type="stmt"/>
      <line num="158" count="63" type="stmt"/>
      <line num="159" count="63" type="stmt"/>
      <line num="160" count="63" type="stmt"/>
      <line num="161" count="63" type="stmt"/>
      <line num="167" count="48" type="stmt"/>
      <line num="168" count="48" type="stmt"/>
      <line num="171" count="0" type="stmt"/>
      <line num="176" count="4" type="stmt"/>
      <line num="177" count="8" type="stmt"/>
      <line num="178" count="8" type="stmt"/>
      <line num="179" count="24" type="stmt"/>
      <line num="181" count="8" type="stmt"/>
      <line num="183" count="0" type="stmt"/>
      <line num="184" count="0" type="stmt"/>
      <line num="188" count="4" type="stmt"/>
      <line num="189" count="8" type="cond" truecount="1" falsecount="1"/>
      <line num="190" count="0" type="stmt"/>
      <line num="192" count="8" type="stmt"/>
      <line num="193" count="8" type="stmt"/>
      <line num="194" count="8" type="stmt"/>
      <line num="196" count="0" type="stmt"/>
      <line num="197" count="0" type="stmt"/>
      <line num="201" count="4" type="stmt"/>
      <line num="202" count="9" type="cond" truecount="2" falsecount="0"/>
      <line num="203" count="9" type="cond" truecount="2" falsecount="0"/>
      <line num="204" count="9" type="stmt"/>
      <line num="205" count="9" type="stmt"/>
      <line num="207" count="9" type="cond" truecount="2" falsecount="0"/>
      <line num="208" count="1" type="stmt"/>
      <line num="209" count="1" type="stmt"/>
      <line num="212" count="8" type="stmt"/>
      <line num="213" count="8" type="stmt"/>
      <line num="218" count="4" type="stmt"/>
    </file>
  </project>
</coverage>
