<?xml version="1.0" encoding="UTF-8"?>
<coverage generated="1622135040623" clover="3.2.0">
  <project timestamp="1622135040623" name="All files">
    <metrics statements="112" coveredstatements="103" conditionals="42" coveredconditionals="39" methods="18" coveredmethods="18" elements="172" coveredelements="160" complexity="0" loc="112" ncloc="112" packages="1" files="1" classes="1"/>
    <file name="index.js" path="/Users/a.nosov/hexlet/frontent-testing-react-project-lvl1/src/index.js">
      <metrics statements="112" coveredstatements="103" conditionals="42" coveredconditionals="39" methods="18" coveredmethods="18"/>
      <line num="9" count="1" type="stmt"/>
      <line num="10" count="1" type="stmt"/>
      <line num="21" count="1" type="stmt"/>
      <line num="23" count="110" type="stmt"/>
      <line num="25" count="1" type="stmt"/>
      <line num="31" count="1" type="cond" truecount="1" falsecount="0"/>
      <line num="32" count="75" type="stmt"/>
      <line num="34" count="75" type="cond" truecount="2" falsecount="0"/>
      <line num="35" count="66" type="stmt"/>
      <line num="36" count="66" type="stmt"/>
      <line num="37" count="66" type="stmt"/>
      <line num="38" count="66" type="cond" truecount="2" falsecount="0"/>
      <line num="39" count="65" type="stmt"/>
      <line num="40" count="65" type="stmt"/>
      <line num="43" count="9" type="stmt"/>
      <line num="45" count="75" type="cond" truecount="2" falsecount="0"/>
      <line num="46" count="1" type="stmt"/>
      <line num="48" count="75" type="stmt"/>
      <line num="51" count="75" type="stmt"/>
      <line num="54" count="1" type="stmt"/>
      <line num="55" count="9" type="cond" truecount="2" falsecount="0"/>
      <line num="56" count="2" type="stmt"/>
      <line num="58" count="9" type="cond" truecount="2" falsecount="0"/>
      <line num="59" count="1" type="stmt"/>
      <line num="61" count="9" type="stmt"/>
      <line num="64" count="1" type="stmt"/>
      <line num="66" count="9" type="stmt"/>
      <line num="67" count="9" type="stmt"/>
      <line num="69" count="1" type="stmt"/>
      <line num="70" count="1" type="stmt"/>
      <line num="73" count="9" type="cond" truecount="4" falsecount="0"/>
      <line num="74" count="8" type="stmt"/>
      <line num="76" count="1" type="stmt"/>
      <line num="77" count="1" type="stmt"/>
      <line num="78" count="1" type="stmt"/>
      <line num="82" count="1" type="stmt"/>
      <line num="83" count="8" type="stmt"/>
      <line num="84" count="8" type="stmt"/>
      <line num="85" count="24" type="stmt"/>
      <line num="86" count="201" type="stmt"/>
      <line num="87" count="201" type="stmt"/>
      <line num="88" count="201" type="cond" truecount="2" falsecount="0"/>
      <line num="89" count="58" type="stmt"/>
      <line num="93" count="8" type="stmt"/>
      <line num="96" count="1" type="stmt"/>
      <line num="98" count="24" type="stmt"/>
      <line num="99" count="24" type="stmt"/>
      <line num="100" count="24" type="cond" truecount="2" falsecount="0"/>
      <line num="101" count="1" type="stmt"/>
      <line num="102" count="1" type="cond" truecount="1" falsecount="1"/>
      <line num="103" count="0" type="stmt"/>
      <line num="104" count="0" type="stmt"/>
      <line num="109" count="0" type="stmt"/>
      <line num="110" count="0" type="stmt"/>
      <line num="114" count="1" type="stmt"/>
      <line num="115" count="24" type="stmt"/>
      <line num="116" count="24" type="stmt"/>
      <line num="117" count="24" type="stmt"/>
      <line num="118" count="24" type="stmt"/>
      <line num="119" count="24" type="stmt"/>
      <line num="120" count="24" type="stmt"/>
      <line num="121" count="24" type="stmt"/>
      <line num="122" count="201" type="stmt"/>
      <line num="125" count="201" type="cond" truecount="5" falsecount="0"/>
      <line num="126" count="108" type="stmt"/>
      <line num="128" count="93" type="stmt"/>
      <line num="129" count="93" type="cond" truecount="1" falsecount="1"/>
      <line num="130" count="93" type="stmt"/>
      <line num="136" count="93" type="cond" truecount="4" falsecount="0"/>
      <line num="137" count="66" type="stmt"/>
      <line num="138" count="66" type="stmt"/>
      <line num="139" count="66" type="stmt"/>
      <line num="140" count="66" type="cond" truecount="2" falsecount="0"/>
      <line num="141" count="8" type="stmt"/>
      <line num="143" count="58" type="stmt"/>
      <line num="148" count="24" type="stmt"/>
      <line num="149" count="24" type="stmt"/>
      <line num="150" count="24" type="stmt"/>
      <line num="152" count="24" type="stmt"/>
      <line num="153" count="66" type="stmt"/>
      <line num="154" count="66" type="stmt"/>
      <line num="155" count="66" type="stmt"/>
      <line num="156" count="66" type="stmt"/>
      <line num="162" count="49" type="stmt"/>
      <line num="163" count="49" type="stmt"/>
      <line num="166" count="4" type="stmt"/>
      <line num="171" count="1" type="stmt"/>
      <line num="172" count="8" type="stmt"/>
      <line num="173" count="8" type="stmt"/>
      <line num="174" count="24" type="stmt"/>
      <line num="176" count="8" type="stmt"/>
      <line num="178" count="0" type="stmt"/>
      <line num="179" count="0" type="stmt"/>
      <line num="183" count="1" type="stmt"/>
      <line num="184" count="8" type="cond" truecount="1" falsecount="1"/>
      <line num="185" count="0" type="stmt"/>
      <line num="187" count="8" type="stmt"/>
      <line num="188" count="8" type="stmt"/>
      <line num="189" count="8" type="stmt"/>
      <line num="191" count="0" type="stmt"/>
      <line num="192" count="0" type="stmt"/>
      <line num="196" count="1" type="stmt"/>
      <line num="197" count="9" type="cond" truecount="2" falsecount="0"/>
      <line num="198" count="9" type="cond" truecount="2" falsecount="0"/>
      <line num="199" count="9" type="stmt"/>
      <line num="200" count="9" type="stmt"/>
      <line num="202" count="9" type="cond" truecount="2" falsecount="0"/>
      <line num="203" count="1" type="stmt"/>
      <line num="204" count="1" type="stmt"/>
      <line num="207" count="8" type="stmt"/>
      <line num="208" count="8" type="stmt"/>
      <line num="211" count="1" type="stmt"/>
    </file>
  </project>
</coverage>
