{"/Users/a.nosov/hexlet/frontent-testing-react-project-lvl1/__fixtures__/index.js": {"path":"/Users/a.nosov/hexlet/frontent-testing-react-project-lvl1/__fixtures__/index.js","statementMap":{"0":{"start":{"line":1,"column":16},"end":{"line":18,"column":8}}},"fnMap":{},"branchMap":{},"s":{"0":1},"f":{},"b":{},"_coverageSchema":"1a1c01bbd47fc00a2c39e90264f33305004495a9","hash":"0e53d86dd86904f73e9acff2093a10f161e7a5cc"}
,"/Users/a.nosov/hexlet/frontent-testing-react-project-lvl1/src/index.js": {"path":"/Users/a.nosov/hexlet/frontent-testing-react-project-lvl1/src/index.js","statementMap":{"0":{"start":{"line":9,"column":19},"end":{"line":9,"column":43}},"1":{"start":{"line":10,"column":19},"end":{"line":19,"column":1}},"2":{"start":{"line":21,"column":15},"end":{"line":21,"column":32}},"3":{"start":{"line":23,"column":22},"end":{"line":23,"column":67}},"4":{"start":{"line":23,"column":33},"end":{"line":23,"column":67}},"5":{"start":{"line":25,"column":18},"end":{"line":29,"column":1}},"6":{"start":{"line":31,"column":20},"end":{"line":53,"column":1}},"7":{"start":{"line":32,"column":18},"end":{"line":32,"column":20}},"8":{"start":{"line":34,"column":2},"end":{"line":44,"column":3}},"9":{"start":{"line":35,"column":23},"end":{"line":35,"column":38}},"10":{"start":{"line":36,"column":18},"end":{"line":36,"column":42}},"11":{"start":{"line":37,"column":4},"end":{"line":37,"column":25}},"12":{"start":{"line":38,"column":4},"end":{"line":41,"column":5}},"13":{"start":{"line":39,"column":6},"end":{"line":39,"column":36}},"14":{"start":{"line":40,"column":6},"end":{"line":40,"column":28}},"15":{"start":{"line":43,"column":4},"end":{"line":43,"column":15}},"16":{"start":{"line":45,"column":2},"end":{"line":47,"column":3}},"17":{"start":{"line":46,"column":4},"end":{"line":46,"column":17}},"18":{"start":{"line":48,"column":2},"end":{"line":48,"column":22}},"19":{"start":{"line":49,"column":2},"end":{"line":51,"column":28}},"20":{"start":{"line":52,"column":2},"end":{"line":52,"column":25}},"21":{"start":{"line":55,"column":21},"end":{"line":63,"column":1}},"22":{"start":{"line":56,"column":2},"end":{"line":58,"column":3}},"23":{"start":{"line":57,"column":4},"end":{"line":57,"column":25}},"24":{"start":{"line":59,"column":2},"end":{"line":61,"column":3}},"25":{"start":{"line":60,"column":4},"end":{"line":60,"column":38}},"26":{"start":{"line":62,"column":2},"end":{"line":62,"column":44}},"27":{"start":{"line":65,"column":18},"end":{"line":81,"column":1}},"28":{"start":{"line":67,"column":2},"end":{"line":72,"column":3}},"29":{"start":{"line":68,"column":4},"end":{"line":68,"column":39}},"30":{"start":{"line":70,"column":4},"end":{"line":70,"column":63}},"31":{"start":{"line":71,"column":4},"end":{"line":71,"column":19}},"32":{"start":{"line":74,"column":2},"end":{"line":80,"column":3}},"33":{"start":{"line":75,"column":4},"end":{"line":75,"column":32}},"34":{"start":{"line":77,"column":4},"end":{"line":77,"column":27}},"35":{"start":{"line":78,"column":4},"end":{"line":78,"column":52}},"36":{"start":{"line":79,"column":4},"end":{"line":79,"column":19}},"37":{"start":{"line":83,"column":21},"end":{"line":95,"column":1}},"38":{"start":{"line":84,"column":12},"end":{"line":84,"column":41}},"39":{"start":{"line":85,"column":2},"end":{"line":93,"column":5}},"40":{"start":{"line":86,"column":4},"end":{"line":92,"column":7}},"41":{"start":{"line":87,"column":18},"end":{"line":87,"column":44}},"42":{"start":{"line":88,"column":16},"end":{"line":88,"column":53}},"43":{"start":{"line":89,"column":6},"end":{"line":91,"column":7}},"44":{"start":{"line":90,"column":8},"end":{"line":90,"column":65}},"45":{"start":{"line":94,"column":2},"end":{"line":94,"column":29}},"46":{"start":{"line":97,"column":27},"end":{"line":113,"column":1}},"47":{"start":{"line":99,"column":2},"end":{"line":112,"column":3}},"48":{"start":{"line":100,"column":4},"end":{"line":100,"column":69}},"49":{"start":{"line":101,"column":4},"end":{"line":108,"column":5}},"50":{"start":{"line":102,"column":6},"end":{"line":107,"column":9}},"51":{"start":{"line":103,"column":8},"end":{"line":106,"column":9}},"52":{"start":{"line":104,"column":10},"end":{"line":104,"column":65}},"53":{"start":{"line":105,"column":10},"end":{"line":105,"column":25}},"54":{"start":{"line":110,"column":4},"end":{"line":110,"column":59}},"55":{"start":{"line":111,"column":4},"end":{"line":111,"column":19}},"56":{"start":{"line":115,"column":24},"end":{"line":170,"column":1}},"57":{"start":{"line":116,"column":2},"end":{"line":116,"column":23}},"58":{"start":{"line":117,"column":12},"end":{"line":117,"column":41}},"59":{"start":{"line":118,"column":21},"end":{"line":118,"column":65}},"60":{"start":{"line":119,"column":14},"end":{"line":119,"column":16}},"61":{"start":{"line":120,"column":18},"end":{"line":120,"column":20}},"62":{"start":{"line":121,"column":19},"end":{"line":121,"column":21}},"63":{"start":{"line":122,"column":2},"end":{"line":148,"column":5}},"64":{"start":{"line":123,"column":25},"end":{"line":123,"column":41}},"65":{"start":{"line":126,"column":4},"end":{"line":128,"column":5}},"66":{"start":{"line":127,"column":6},"end":{"line":127,"column":13}},"67":{"start":{"line":129,"column":19},"end":{"line":129,"column":45}},"68":{"start":{"line":130,"column":4},"end":{"line":147,"column":5}},"69":{"start":{"line":131,"column":18},"end":{"line":135,"column":32}},"70":{"start":{"line":137,"column":6},"end":{"line":146,"column":7}},"71":{"start":{"line":138,"column":31},"end":{"line":138,"column":53}},"72":{"start":{"line":139,"column":8},"end":{"line":139,"column":66}},"73":{"start":{"line":140,"column":8},"end":{"line":140,"column":22}},"74":{"start":{"line":141,"column":8},"end":{"line":145,"column":9}},"75":{"start":{"line":142,"column":10},"end":{"line":142,"column":55}},"76":{"start":{"line":144,"column":10},"end":{"line":144,"column":37}},"77":{"start":{"line":149,"column":2},"end":{"line":149,"column":50}},"78":{"start":{"line":150,"column":2},"end":{"line":150,"column":70}},"79":{"start":{"line":151,"column":2},"end":{"line":151,"column":73}},"80":{"start":{"line":153,"column":2},"end":{"line":169,"column":5}},"81":{"start":{"line":154,"column":21},"end":{"line":154,"column":47}},"82":{"start":{"line":155,"column":18},"end":{"line":155,"column":35}},"83":{"start":{"line":156,"column":19},"end":{"line":156,"column":56}},"84":{"start":{"line":157,"column":4},"end":{"line":168,"column":9}},"85":{"start":{"line":163,"column":8},"end":{"line":163,"column":35}},"86":{"start":{"line":164,"column":8},"end":{"line":164,"column":32}},"87":{"start":{"line":167,"column":8},"end":{"line":167,"column":48}},"88":{"start":{"line":172,"column":18},"end":{"line":182,"column":1}},"89":{"start":{"line":173,"column":2},"end":{"line":181,"column":3}},"90":{"start":{"line":174,"column":4},"end":{"line":176,"column":7}},"91":{"start":{"line":175,"column":6},"end":{"line":175,"column":62}},"92":{"start":{"line":177,"column":4},"end":{"line":177,"column":19}},"93":{"start":{"line":179,"column":4},"end":{"line":179,"column":60}},"94":{"start":{"line":180,"column":4},"end":{"line":180,"column":19}},"95":{"start":{"line":184,"column":17},"end":{"line":195,"column":1}},"96":{"start":{"line":185,"column":2},"end":{"line":187,"column":3}},"97":{"start":{"line":186,"column":4},"end":{"line":186,"column":25}},"98":{"start":{"line":188,"column":2},"end":{"line":188,"column":63}},"99":{"start":{"line":189,"column":2},"end":{"line":194,"column":3}},"100":{"start":{"line":190,"column":4},"end":{"line":190,"column":55}},"101":{"start":{"line":192,"column":4},"end":{"line":192,"column":23}},"102":{"start":{"line":193,"column":4},"end":{"line":193,"column":19}},"103":{"start":{"line":197,"column":13},"end":{"line":210,"column":1}},"104":{"start":{"line":198,"column":2},"end":{"line":198,"column":46}},"105":{"start":{"line":199,"column":2},"end":{"line":199,"column":37}},"106":{"start":{"line":200,"column":2},"end":{"line":200,"column":17}},"107":{"start":{"line":201,"column":2},"end":{"line":201,"column":20}},"108":{"start":{"line":203,"column":2},"end":{"line":206,"column":3}},"109":{"start":{"line":204,"column":4},"end":{"line":204,"column":46}},"110":{"start":{"line":205,"column":4},"end":{"line":205,"column":11}},"111":{"start":{"line":208,"column":2},"end":{"line":208,"column":20}},"112":{"start":{"line":209,"column":2},"end":{"line":209,"column":13}},"113":{"start":{"line":212,"column":26},"end":{"line":217,"column":1}}},"fnMap":{"0":{"name":"(anonymous_0)","decl":{"start":{"line":23,"column":22},"end":{"line":23,"column":23}},"loc":{"start":{"line":23,"column":33},"end":{"line":23,"column":67}},"line":23},"1":{"name":"(anonymous_1)","decl":{"start":{"line":31,"column":20},"end":{"line":31,"column":21}},"loc":{"start":{"line":31,"column":53},"end":{"line":53,"column":1}},"line":31},"2":{"name":"(anonymous_2)","decl":{"start":{"line":55,"column":21},"end":{"line":55,"column":22}},"loc":{"start":{"line":55,"column":27},"end":{"line":63,"column":1}},"line":55},"3":{"name":"(anonymous_3)","decl":{"start":{"line":65,"column":18},"end":{"line":65,"column":19}},"loc":{"start":{"line":65,"column":30},"end":{"line":81,"column":1}},"line":65},"4":{"name":"(anonymous_4)","decl":{"start":{"line":83,"column":21},"end":{"line":83,"column":22}},"loc":{"start":{"line":83,"column":27},"end":{"line":95,"column":1}},"line":83},"5":{"name":"(anonymous_5)","decl":{"start":{"line":85,"column":20},"end":{"line":85,"column":21}},"loc":{"start":{"line":85,"column":34},"end":{"line":93,"column":3}},"line":85},"6":{"name":"(anonymous_6)","decl":{"start":{"line":86,"column":25},"end":{"line":86,"column":26}},"loc":{"start":{"line":86,"column":41},"end":{"line":92,"column":5}},"line":86},"7":{"name":"(anonymous_7)","decl":{"start":{"line":97,"column":27},"end":{"line":97,"column":28}},"loc":{"start":{"line":97,"column":33},"end":{"line":113,"column":1}},"line":97},"8":{"name":"(anonymous_8)","decl":{"start":{"line":102,"column":36},"end":{"line":102,"column":37}},"loc":{"start":{"line":102,"column":45},"end":{"line":107,"column":7}},"line":102},"9":{"name":"(anonymous_9)","decl":{"start":{"line":115,"column":24},"end":{"line":115,"column":25}},"loc":{"start":{"line":115,"column":60},"end":{"line":170,"column":1}},"line":115},"10":{"name":"(anonymous_10)","decl":{"start":{"line":122,"column":18},"end":{"line":122,"column":19}},"loc":{"start":{"line":122,"column":33},"end":{"line":148,"column":3}},"line":122},"11":{"name":"(anonymous_11)","decl":{"start":{"line":153,"column":14},"end":{"line":153,"column":15}},"loc":{"start":{"line":153,"column":30},"end":{"line":169,"column":3}},"line":153},"12":{"name":"(anonymous_12)","decl":{"start":{"line":162,"column":12},"end":{"line":162,"column":13}},"loc":{"start":{"line":162,"column":32},"end":{"line":165,"column":7}},"line":162},"13":{"name":"(anonymous_13)","decl":{"start":{"line":166,"column":13},"end":{"line":166,"column":14}},"loc":{"start":{"line":166,"column":22},"end":{"line":168,"column":7}},"line":166},"14":{"name":"(anonymous_14)","decl":{"start":{"line":172,"column":18},"end":{"line":172,"column":19}},"loc":{"start":{"line":172,"column":30},"end":{"line":182,"column":1}},"line":172},"15":{"name":"(anonymous_15)","decl":{"start":{"line":174,"column":24},"end":{"line":174,"column":25}},"loc":{"start":{"line":174,"column":39},"end":{"line":176,"column":5}},"line":174},"16":{"name":"(anonymous_16)","decl":{"start":{"line":184,"column":17},"end":{"line":184,"column":18}},"loc":{"start":{"line":184,"column":29},"end":{"line":195,"column":1}},"line":184},"17":{"name":"(anonymous_17)","decl":{"start":{"line":197,"column":13},"end":{"line":197,"column":14}},"loc":{"start":{"line":197,"column":36},"end":{"line":210,"column":1}},"line":197}},"branchMap":{"0":{"loc":{"start":{"line":31,"column":27},"end":{"line":31,"column":48}},"type":"default-arg","locations":[{"start":{"line":31,"column":43},"end":{"line":31,"column":48}}],"line":31},"1":{"loc":{"start":{"line":34,"column":2},"end":{"line":44,"column":3}},"type":"if","locations":[{"start":{"line":34,"column":2},"end":{"line":44,"column":3}},{"start":{"line":34,"column":2},"end":{"line":44,"column":3}}],"line":34},"2":{"loc":{"start":{"line":38,"column":4},"end":{"line":41,"column":5}},"type":"if","locations":[{"start":{"line":38,"column":4},"end":{"line":41,"column":5}},{"start":{"line":38,"column":4},"end":{"line":41,"column":5}}],"line":38},"3":{"loc":{"start":{"line":45,"column":2},"end":{"line":47,"column":3}},"type":"if","locations":[{"start":{"line":45,"column":2},"end":{"line":47,"column":3}},{"start":{"line":45,"column":2},"end":{"line":47,"column":3}}],"line":45},"4":{"loc":{"start":{"line":56,"column":2},"end":{"line":58,"column":3}},"type":"if","locations":[{"start":{"line":56,"column":2},"end":{"line":58,"column":3}},{"start":{"line":56,"column":2},"end":{"line":58,"column":3}}],"line":56},"5":{"loc":{"start":{"line":59,"column":2},"end":{"line":61,"column":3}},"type":"if","locations":[{"start":{"line":59,"column":2},"end":{"line":61,"column":3}},{"start":{"line":59,"column":2},"end":{"line":61,"column":3}}],"line":59},"6":{"loc":{"start":{"line":74,"column":2},"end":{"line":80,"column":3}},"type":"if","locations":[{"start":{"line":74,"column":2},"end":{"line":80,"column":3}},{"start":{"line":74,"column":2},"end":{"line":80,"column":3}}],"line":74},"7":{"loc":{"start":{"line":74,"column":6},"end":{"line":74,"column":33}},"type":"binary-expr","locations":[{"start":{"line":74,"column":6},"end":{"line":74,"column":10}},{"start":{"line":74,"column":14},"end":{"line":74,"column":33}}],"line":74},"8":{"loc":{"start":{"line":89,"column":6},"end":{"line":91,"column":7}},"type":"if","locations":[{"start":{"line":89,"column":6},"end":{"line":91,"column":7}},{"start":{"line":89,"column":6},"end":{"line":91,"column":7}}],"line":89},"9":{"loc":{"start":{"line":101,"column":4},"end":{"line":108,"column":5}},"type":"if","locations":[{"start":{"line":101,"column":4},"end":{"line":108,"column":5}},{"start":{"line":101,"column":4},"end":{"line":108,"column":5}}],"line":101},"10":{"loc":{"start":{"line":103,"column":8},"end":{"line":106,"column":9}},"type":"if","locations":[{"start":{"line":103,"column":8},"end":{"line":106,"column":9}},{"start":{"line":103,"column":8},"end":{"line":106,"column":9}}],"line":103},"11":{"loc":{"start":{"line":126,"column":4},"end":{"line":128,"column":5}},"type":"if","locations":[{"start":{"line":126,"column":4},"end":{"line":128,"column":5}},{"start":{"line":126,"column":4},"end":{"line":128,"column":5}}],"line":126},"12":{"loc":{"start":{"line":126,"column":8},"end":{"line":126,"column":56}},"type":"binary-expr","locations":[{"start":{"line":126,"column":8},"end":{"line":126,"column":21}},{"start":{"line":126,"column":26},"end":{"line":126,"column":35}},{"start":{"line":126,"column":39},"end":{"line":126,"column":55}}],"line":126},"13":{"loc":{"start":{"line":130,"column":4},"end":{"line":147,"column":5}},"type":"if","locations":[{"start":{"line":130,"column":4},"end":{"line":147,"column":5}},{"start":{"line":130,"column":4},"end":{"line":147,"column":5}}],"line":130},"14":{"loc":{"start":{"line":137,"column":6},"end":{"line":146,"column":7}},"type":"if","locations":[{"start":{"line":137,"column":6},"end":{"line":146,"column":7}},{"start":{"line":137,"column":6},"end":{"line":146,"column":7}}],"line":137},"15":{"loc":{"start":{"line":141,"column":8},"end":{"line":145,"column":9}},"type":"if","locations":[{"start":{"line":141,"column":8},"end":{"line":145,"column":9}},{"start":{"line":141,"column":8},"end":{"line":145,"column":9}}],"line":141},"16":{"loc":{"start":{"line":185,"column":2},"end":{"line":187,"column":3}},"type":"if","locations":[{"start":{"line":185,"column":2},"end":{"line":187,"column":3}},{"start":{"line":185,"column":2},"end":{"line":187,"column":3}}],"line":185},"17":{"loc":{"start":{"line":198,"column":18},"end":{"line":198,"column":45}},"type":"binary-expr","locations":[{"start":{"line":198,"column":18},"end":{"line":198,"column":24}},{"start":{"line":198,"column":28},"end":{"line":198,"column":45}}],"line":198},"18":{"loc":{"start":{"line":199,"column":15},"end":{"line":199,"column":36}},"type":"binary-expr","locations":[{"start":{"line":199,"column":15},"end":{"line":199,"column":18}},{"start":{"line":199,"column":22},"end":{"line":199,"column":36}}],"line":199},"19":{"loc":{"start":{"line":203,"column":2},"end":{"line":206,"column":3}},"type":"if","locations":[{"start":{"line":203,"column":2},"end":{"line":206,"column":3}},{"start":{"line":203,"column":2},"end":{"line":206,"column":3}}],"line":203}},"s":{"0":1,"1":1,"2":1,"3":1,"4":107,"5":1,"6":1,"7":73,"8":73,"9":64,"10":64,"11":64,"12":64,"13":63,"14":63,"15":9,"16":73,"17":1,"18":73,"19":73,"20":73,"21":1,"22":9,"23":2,"24":9,"25":1,"26":9,"27":1,"28":9,"29":9,"30":1,"31":1,"32":9,"33":8,"34":1,"35":1,"36":1,"37":1,"38":8,"39":8,"40":24,"41":192,"42":192,"43":192,"44":58,"45":8,"46":1,"47":24,"48":24,"49":24,"50":0,"51":0,"52":0,"53":0,"54":0,"55":0,"56":1,"57":24,"58":24,"59":24,"60":24,"61":24,"62":24,"63":24,"64":192,"65":192,"66":106,"67":86,"68":86,"69":86,"70":86,"71":64,"72":64,"73":64,"74":64,"75":6,"76":58,"77":24,"78":24,"79":24,"80":24,"81":64,"82":64,"83":64,"84":64,"85":49,"86":49,"87":4,"88":1,"89":8,"90":8,"91":24,"92":8,"93":0,"94":0,"95":1,"96":8,"97":0,"98":8,"99":8,"100":8,"101":0,"102":0,"103":1,"104":9,"105":9,"106":9,"107":9,"108":9,"109":1,"110":1,"111":8,"112":8,"113":1},"f":{"0":107,"1":73,"2":9,"3":9,"4":8,"5":24,"6":192,"7":24,"8":0,"9":24,"10":192,"11":64,"12":49,"13":4,"14":8,"15":24,"16":8,"17":9},"b":{"0":[9],"1":[64,9],"2":[63,1],"3":[1,72],"4":[2,7],"5":[1,8],"6":[8,1],"7":[9,8],"8":[58,134],"9":[0,24],"10":[0,0],"11":[106,86],"12":[192,169,107],"13":[86,0],"14":[64,22],"15":[6,58],"16":[0,8],"17":[9,7],"18":[9,5],"19":[1,8]},"_coverageSchema":"1a1c01bbd47fc00a2c39e90264f33305004495a9","hash":"aba050d4f4774495c2a73783e64939bb1108b7fd"}
}
