{"/Users/a.nosov/hexlet/frontent-testing-react-project-lvl1/__fixtures__/index.js": {"path":"/Users/a.nosov/hexlet/frontent-testing-react-project-lvl1/__fixtures__/index.js","statementMap":{"0":{"start":{"line":1,"column":16},"end":{"line":18,"column":8}}},"fnMap":{},"branchMap":{},"s":{"0":1},"f":{},"b":{},"_coverageSchema":"1a1c01bbd47fc00a2c39e90264f33305004495a9","hash":"0e53d86dd86904f73e9acff2093a10f161e7a5cc"}
,"/Users/a.nosov/hexlet/frontent-testing-react-project-lvl1/src/index.js": {"path":"/Users/a.nosov/hexlet/frontent-testing-react-project-lvl1/src/index.js","statementMap":{"0":{"start":{"line":9,"column":19},"end":{"line":9,"column":43}},"1":{"start":{"line":10,"column":19},"end":{"line":19,"column":1}},"2":{"start":{"line":21,"column":15},"end":{"line":21,"column":32}},"3":{"start":{"line":23,"column":22},"end":{"line":23,"column":67}},"4":{"start":{"line":23,"column":33},"end":{"line":23,"column":67}},"5":{"start":{"line":25,"column":18},"end":{"line":29,"column":1}},"6":{"start":{"line":31,"column":20},"end":{"line":49,"column":1}},"7":{"start":{"line":32,"column":18},"end":{"line":32,"column":20}},"8":{"start":{"line":34,"column":2},"end":{"line":44,"column":3}},"9":{"start":{"line":35,"column":23},"end":{"line":35,"column":38}},"10":{"start":{"line":36,"column":18},"end":{"line":36,"column":42}},"11":{"start":{"line":37,"column":4},"end":{"line":37,"column":25}},"12":{"start":{"line":38,"column":4},"end":{"line":41,"column":5}},"13":{"start":{"line":39,"column":6},"end":{"line":39,"column":36}},"14":{"start":{"line":40,"column":6},"end":{"line":40,"column":28}},"15":{"start":{"line":43,"column":4},"end":{"line":43,"column":15}},"16":{"start":{"line":45,"column":2},"end":{"line":47,"column":28}},"17":{"start":{"line":48,"column":2},"end":{"line":48,"column":25}},"18":{"start":{"line":51,"column":21},"end":{"line":59,"column":1}},"19":{"start":{"line":52,"column":2},"end":{"line":54,"column":3}},"20":{"start":{"line":53,"column":4},"end":{"line":53,"column":25}},"21":{"start":{"line":55,"column":2},"end":{"line":57,"column":3}},"22":{"start":{"line":56,"column":4},"end":{"line":56,"column":38}},"23":{"start":{"line":58,"column":2},"end":{"line":58,"column":44}},"24":{"start":{"line":61,"column":18},"end":{"line":77,"column":1}},"25":{"start":{"line":63,"column":2},"end":{"line":68,"column":3}},"26":{"start":{"line":64,"column":4},"end":{"line":64,"column":39}},"27":{"start":{"line":66,"column":4},"end":{"line":66,"column":63}},"28":{"start":{"line":67,"column":4},"end":{"line":67,"column":19}},"29":{"start":{"line":70,"column":2},"end":{"line":76,"column":3}},"30":{"start":{"line":71,"column":4},"end":{"line":71,"column":32}},"31":{"start":{"line":73,"column":4},"end":{"line":73,"column":27}},"32":{"start":{"line":74,"column":4},"end":{"line":74,"column":52}},"33":{"start":{"line":75,"column":4},"end":{"line":75,"column":19}},"34":{"start":{"line":79,"column":21},"end":{"line":91,"column":1}},"35":{"start":{"line":80,"column":12},"end":{"line":80,"column":41}},"36":{"start":{"line":81,"column":2},"end":{"line":89,"column":5}},"37":{"start":{"line":82,"column":4},"end":{"line":88,"column":7}},"38":{"start":{"line":83,"column":18},"end":{"line":83,"column":44}},"39":{"start":{"line":84,"column":16},"end":{"line":84,"column":53}},"40":{"start":{"line":85,"column":6},"end":{"line":87,"column":7}},"41":{"start":{"line":86,"column":8},"end":{"line":86,"column":65}},"42":{"start":{"line":90,"column":2},"end":{"line":90,"column":29}},"43":{"start":{"line":93,"column":27},"end":{"line":109,"column":1}},"44":{"start":{"line":95,"column":2},"end":{"line":108,"column":3}},"45":{"start":{"line":96,"column":4},"end":{"line":96,"column":69}},"46":{"start":{"line":97,"column":4},"end":{"line":104,"column":5}},"47":{"start":{"line":98,"column":6},"end":{"line":103,"column":9}},"48":{"start":{"line":99,"column":8},"end":{"line":102,"column":9}},"49":{"start":{"line":100,"column":10},"end":{"line":100,"column":65}},"50":{"start":{"line":101,"column":10},"end":{"line":101,"column":25}},"51":{"start":{"line":106,"column":4},"end":{"line":106,"column":59}},"52":{"start":{"line":107,"column":4},"end":{"line":107,"column":19}},"53":{"start":{"line":111,"column":24},"end":{"line":166,"column":1}},"54":{"start":{"line":112,"column":2},"end":{"line":112,"column":23}},"55":{"start":{"line":113,"column":12},"end":{"line":113,"column":41}},"56":{"start":{"line":114,"column":21},"end":{"line":114,"column":65}},"57":{"start":{"line":115,"column":14},"end":{"line":115,"column":16}},"58":{"start":{"line":116,"column":18},"end":{"line":116,"column":20}},"59":{"start":{"line":117,"column":19},"end":{"line":117,"column":21}},"60":{"start":{"line":118,"column":2},"end":{"line":144,"column":5}},"61":{"start":{"line":119,"column":25},"end":{"line":119,"column":41}},"62":{"start":{"line":122,"column":4},"end":{"line":124,"column":5}},"63":{"start":{"line":123,"column":6},"end":{"line":123,"column":13}},"64":{"start":{"line":125,"column":19},"end":{"line":125,"column":45}},"65":{"start":{"line":126,"column":4},"end":{"line":143,"column":5}},"66":{"start":{"line":127,"column":18},"end":{"line":131,"column":32}},"67":{"start":{"line":133,"column":6},"end":{"line":142,"column":7}},"68":{"start":{"line":134,"column":31},"end":{"line":134,"column":53}},"69":{"start":{"line":135,"column":8},"end":{"line":135,"column":66}},"70":{"start":{"line":136,"column":8},"end":{"line":136,"column":22}},"71":{"start":{"line":137,"column":8},"end":{"line":141,"column":9}},"72":{"start":{"line":138,"column":10},"end":{"line":138,"column":55}},"73":{"start":{"line":140,"column":10},"end":{"line":140,"column":37}},"74":{"start":{"line":145,"column":2},"end":{"line":145,"column":50}},"75":{"start":{"line":146,"column":2},"end":{"line":146,"column":70}},"76":{"start":{"line":147,"column":2},"end":{"line":147,"column":73}},"77":{"start":{"line":149,"column":2},"end":{"line":165,"column":5}},"78":{"start":{"line":150,"column":21},"end":{"line":150,"column":47}},"79":{"start":{"line":151,"column":18},"end":{"line":151,"column":35}},"80":{"start":{"line":152,"column":19},"end":{"line":152,"column":56}},"81":{"start":{"line":153,"column":4},"end":{"line":164,"column":9}},"82":{"start":{"line":159,"column":8},"end":{"line":159,"column":35}},"83":{"start":{"line":160,"column":8},"end":{"line":160,"column":32}},"84":{"start":{"line":163,"column":8},"end":{"line":163,"column":48}},"85":{"start":{"line":168,"column":18},"end":{"line":178,"column":1}},"86":{"start":{"line":169,"column":2},"end":{"line":177,"column":3}},"87":{"start":{"line":170,"column":4},"end":{"line":172,"column":7}},"88":{"start":{"line":171,"column":6},"end":{"line":171,"column":62}},"89":{"start":{"line":173,"column":4},"end":{"line":173,"column":19}},"90":{"start":{"line":175,"column":4},"end":{"line":175,"column":60}},"91":{"start":{"line":176,"column":4},"end":{"line":176,"column":19}},"92":{"start":{"line":180,"column":17},"end":{"line":191,"column":1}},"93":{"start":{"line":181,"column":2},"end":{"line":183,"column":3}},"94":{"start":{"line":182,"column":4},"end":{"line":182,"column":25}},"95":{"start":{"line":184,"column":2},"end":{"line":184,"column":63}},"96":{"start":{"line":185,"column":2},"end":{"line":190,"column":3}},"97":{"start":{"line":186,"column":4},"end":{"line":186,"column":55}},"98":{"start":{"line":188,"column":4},"end":{"line":188,"column":23}},"99":{"start":{"line":189,"column":4},"end":{"line":189,"column":19}},"100":{"start":{"line":193,"column":13},"end":{"line":206,"column":1}},"101":{"start":{"line":194,"column":2},"end":{"line":194,"column":46}},"102":{"start":{"line":195,"column":2},"end":{"line":195,"column":37}},"103":{"start":{"line":196,"column":2},"end":{"line":196,"column":17}},"104":{"start":{"line":197,"column":2},"end":{"line":197,"column":20}},"105":{"start":{"line":199,"column":2},"end":{"line":202,"column":3}},"106":{"start":{"line":200,"column":4},"end":{"line":200,"column":46}},"107":{"start":{"line":201,"column":4},"end":{"line":201,"column":11}},"108":{"start":{"line":204,"column":2},"end":{"line":204,"column":20}},"109":{"start":{"line":205,"column":2},"end":{"line":205,"column":13}},"110":{"start":{"line":208,"column":26},"end":{"line":213,"column":1}}},"fnMap":{"0":{"name":"(anonymous_0)","decl":{"start":{"line":23,"column":22},"end":{"line":23,"column":23}},"loc":{"start":{"line":23,"column":33},"end":{"line":23,"column":67}},"line":23},"1":{"name":"(anonymous_1)","decl":{"start":{"line":31,"column":20},"end":{"line":31,"column":21}},"loc":{"start":{"line":31,"column":53},"end":{"line":49,"column":1}},"line":31},"2":{"name":"(anonymous_2)","decl":{"start":{"line":51,"column":21},"end":{"line":51,"column":22}},"loc":{"start":{"line":51,"column":27},"end":{"line":59,"column":1}},"line":51},"3":{"name":"(anonymous_3)","decl":{"start":{"line":61,"column":18},"end":{"line":61,"column":19}},"loc":{"start":{"line":61,"column":30},"end":{"line":77,"column":1}},"line":61},"4":{"name":"(anonymous_4)","decl":{"start":{"line":79,"column":21},"end":{"line":79,"column":22}},"loc":{"start":{"line":79,"column":27},"end":{"line":91,"column":1}},"line":79},"5":{"name":"(anonymous_5)","decl":{"start":{"line":81,"column":20},"end":{"line":81,"column":21}},"loc":{"start":{"line":81,"column":34},"end":{"line":89,"column":3}},"line":81},"6":{"name":"(anonymous_6)","decl":{"start":{"line":82,"column":25},"end":{"line":82,"column":26}},"loc":{"start":{"line":82,"column":41},"end":{"line":88,"column":5}},"line":82},"7":{"name":"(anonymous_7)","decl":{"start":{"line":93,"column":27},"end":{"line":93,"column":28}},"loc":{"start":{"line":93,"column":33},"end":{"line":109,"column":1}},"line":93},"8":{"name":"(anonymous_8)","decl":{"start":{"line":98,"column":36},"end":{"line":98,"column":37}},"loc":{"start":{"line":98,"column":45},"end":{"line":103,"column":7}},"line":98},"9":{"name":"(anonymous_9)","decl":{"start":{"line":111,"column":24},"end":{"line":111,"column":25}},"loc":{"start":{"line":111,"column":60},"end":{"line":166,"column":1}},"line":111},"10":{"name":"(anonymous_10)","decl":{"start":{"line":118,"column":18},"end":{"line":118,"column":19}},"loc":{"start":{"line":118,"column":33},"end":{"line":144,"column":3}},"line":118},"11":{"name":"(anonymous_11)","decl":{"start":{"line":149,"column":14},"end":{"line":149,"column":15}},"loc":{"start":{"line":149,"column":30},"end":{"line":165,"column":3}},"line":149},"12":{"name":"(anonymous_12)","decl":{"start":{"line":158,"column":12},"end":{"line":158,"column":13}},"loc":{"start":{"line":158,"column":32},"end":{"line":161,"column":7}},"line":158},"13":{"name":"(anonymous_13)","decl":{"start":{"line":162,"column":13},"end":{"line":162,"column":14}},"loc":{"start":{"line":162,"column":22},"end":{"line":164,"column":7}},"line":162},"14":{"name":"(anonymous_14)","decl":{"start":{"line":168,"column":18},"end":{"line":168,"column":19}},"loc":{"start":{"line":168,"column":30},"end":{"line":178,"column":1}},"line":168},"15":{"name":"(anonymous_15)","decl":{"start":{"line":170,"column":24},"end":{"line":170,"column":25}},"loc":{"start":{"line":170,"column":39},"end":{"line":172,"column":5}},"line":170},"16":{"name":"(anonymous_16)","decl":{"start":{"line":180,"column":17},"end":{"line":180,"column":18}},"loc":{"start":{"line":180,"column":29},"end":{"line":191,"column":1}},"line":180},"17":{"name":"(anonymous_17)","decl":{"start":{"line":193,"column":13},"end":{"line":193,"column":14}},"loc":{"start":{"line":193,"column":36},"end":{"line":206,"column":1}},"line":193}},"branchMap":{"0":{"loc":{"start":{"line":31,"column":27},"end":{"line":31,"column":48}},"type":"default-arg","locations":[{"start":{"line":31,"column":43},"end":{"line":31,"column":48}}],"line":31},"1":{"loc":{"start":{"line":34,"column":2},"end":{"line":44,"column":3}},"type":"if","locations":[{"start":{"line":34,"column":2},"end":{"line":44,"column":3}},{"start":{"line":34,"column":2},"end":{"line":44,"column":3}}],"line":34},"2":{"loc":{"start":{"line":38,"column":4},"end":{"line":41,"column":5}},"type":"if","locations":[{"start":{"line":38,"column":4},"end":{"line":41,"column":5}},{"start":{"line":38,"column":4},"end":{"line":41,"column":5}}],"line":38},"3":{"loc":{"start":{"line":52,"column":2},"end":{"line":54,"column":3}},"type":"if","locations":[{"start":{"line":52,"column":2},"end":{"line":54,"column":3}},{"start":{"line":52,"column":2},"end":{"line":54,"column":3}}],"line":52},"4":{"loc":{"start":{"line":55,"column":2},"end":{"line":57,"column":3}},"type":"if","locations":[{"start":{"line":55,"column":2},"end":{"line":57,"column":3}},{"start":{"line":55,"column":2},"end":{"line":57,"column":3}}],"line":55},"5":{"loc":{"start":{"line":70,"column":2},"end":{"line":76,"column":3}},"type":"if","locations":[{"start":{"line":70,"column":2},"end":{"line":76,"column":3}},{"start":{"line":70,"column":2},"end":{"line":76,"column":3}}],"line":70},"6":{"loc":{"start":{"line":70,"column":6},"end":{"line":70,"column":33}},"type":"binary-expr","locations":[{"start":{"line":70,"column":6},"end":{"line":70,"column":10}},{"start":{"line":70,"column":14},"end":{"line":70,"column":33}}],"line":70},"7":{"loc":{"start":{"line":85,"column":6},"end":{"line":87,"column":7}},"type":"if","locations":[{"start":{"line":85,"column":6},"end":{"line":87,"column":7}},{"start":{"line":85,"column":6},"end":{"line":87,"column":7}}],"line":85},"8":{"loc":{"start":{"line":97,"column":4},"end":{"line":104,"column":5}},"type":"if","locations":[{"start":{"line":97,"column":4},"end":{"line":104,"column":5}},{"start":{"line":97,"column":4},"end":{"line":104,"column":5}}],"line":97},"9":{"loc":{"start":{"line":99,"column":8},"end":{"line":102,"column":9}},"type":"if","locations":[{"start":{"line":99,"column":8},"end":{"line":102,"column":9}},{"start":{"line":99,"column":8},"end":{"line":102,"column":9}}],"line":99},"10":{"loc":{"start":{"line":122,"column":4},"end":{"line":124,"column":5}},"type":"if","locations":[{"start":{"line":122,"column":4},"end":{"line":124,"column":5}},{"start":{"line":122,"column":4},"end":{"line":124,"column":5}}],"line":122},"11":{"loc":{"start":{"line":122,"column":8},"end":{"line":122,"column":56}},"type":"binary-expr","locations":[{"start":{"line":122,"column":8},"end":{"line":122,"column":21}},{"start":{"line":122,"column":26},"end":{"line":122,"column":35}},{"start":{"line":122,"column":39},"end":{"line":122,"column":55}}],"line":122},"12":{"loc":{"start":{"line":126,"column":4},"end":{"line":143,"column":5}},"type":"if","locations":[{"start":{"line":126,"column":4},"end":{"line":143,"column":5}},{"start":{"line":126,"column":4},"end":{"line":143,"column":5}}],"line":126},"13":{"loc":{"start":{"line":133,"column":6},"end":{"line":142,"column":7}},"type":"if","locations":[{"start":{"line":133,"column":6},"end":{"line":142,"column":7}},{"start":{"line":133,"column":6},"end":{"line":142,"column":7}}],"line":133},"14":{"loc":{"start":{"line":137,"column":8},"end":{"line":141,"column":9}},"type":"if","locations":[{"start":{"line":137,"column":8},"end":{"line":141,"column":9}},{"start":{"line":137,"column":8},"end":{"line":141,"column":9}}],"line":137},"15":{"loc":{"start":{"line":181,"column":2},"end":{"line":183,"column":3}},"type":"if","locations":[{"start":{"line":181,"column":2},"end":{"line":183,"column":3}},{"start":{"line":181,"column":2},"end":{"line":183,"column":3}}],"line":181},"16":{"loc":{"start":{"line":194,"column":18},"end":{"line":194,"column":45}},"type":"binary-expr","locations":[{"start":{"line":194,"column":18},"end":{"line":194,"column":24}},{"start":{"line":194,"column":28},"end":{"line":194,"column":45}}],"line":194},"17":{"loc":{"start":{"line":195,"column":15},"end":{"line":195,"column":36}},"type":"binary-expr","locations":[{"start":{"line":195,"column":15},"end":{"line":195,"column":18}},{"start":{"line":195,"column":22},"end":{"line":195,"column":36}}],"line":195},"18":{"loc":{"start":{"line":199,"column":2},"end":{"line":202,"column":3}},"type":"if","locations":[{"start":{"line":199,"column":2},"end":{"line":202,"column":3}},{"start":{"line":199,"column":2},"end":{"line":202,"column":3}}],"line":199}},"s":{"0":4,"1":4,"2":4,"3":4,"4":107,"5":4,"6":4,"7":74,"8":74,"9":65,"10":65,"11":65,"12":65,"13":64,"14":64,"15":9,"16":74,"17":73,"18":4,"19":9,"20":2,"21":9,"22":1,"23":9,"24":4,"25":9,"26":9,"27":1,"28":1,"29":9,"30":8,"31":1,"32":1,"33":1,"34":4,"35":8,"36":8,"37":24,"38":196,"39":196,"40":196,"41":58,"42":8,"43":4,"44":24,"45":24,"46":24,"47":2,"48":1,"49":0,"50":0,"51":0,"52":0,"53":4,"54":24,"55":24,"56":24,"57":24,"58":24,"59":24,"60":24,"61":195,"62":195,"63":107,"64":88,"65":88,"66":88,"67":88,"68":65,"69":64,"70":64,"71":64,"72":6,"73":58,"74":23,"75":23,"76":23,"77":23,"78":64,"79":64,"80":64,"81":64,"82":48,"83":48,"84":0,"85":4,"86":8,"87":8,"88":24,"89":8,"90":0,"91":0,"92":4,"93":8,"94":0,"95":8,"96":8,"97":8,"98":0,"99":0,"100":4,"101":9,"102":9,"103":9,"104":9,"105":9,"106":1,"107":1,"108":8,"109":8,"110":4},"f":{"0":107,"1":74,"2":9,"3":9,"4":8,"5":24,"6":196,"7":24,"8":1,"9":24,"10":195,"11":64,"12":48,"13":0,"14":8,"15":24,"16":8,"17":9},"b":{"0":[9],"1":[65,9],"2":[64,1],"3":[2,7],"4":[1,8],"5":[8,1],"6":[9,8],"7":[58,138],"8":[2,22],"9":[0,1],"10":[107,88],"11":[195,171,107],"12":[88,0],"13":[65,23],"14":[6,58],"15":[0,8],"16":[9,7],"17":[9,5],"18":[1,8]},"_coverageSchema":"1a1c01bbd47fc00a2c39e90264f33305004495a9","hash":"7bb4d3bb15a347ae30210f04b48d74caa0345290"}
}
