TN:
SF:__fixtures__/index.js
FNF:0
FNH:0
DA:1,1
LF:1
LH:1
BRF:0
BRH:0
end_of_record
TN:
SF:src/index.js
FN:23,(anonymous_0)
FN:31,(anonymous_1)
FN:55,(anonymous_2)
FN:65,(anonymous_3)
FN:83,(anonymous_4)
FN:85,(anonymous_5)
FN:86,(anonymous_6)
FN:97,(anonymous_7)
FN:102,(anonymous_8)
FN:115,(anonymous_9)
FN:122,(anonymous_10)
FN:153,(anonymous_11)
FN:162,(anonymous_12)
FN:166,(anonymous_13)
FN:172,(anonymous_14)
FN:174,(anonymous_15)
FN:184,(anonymous_16)
FN:197,(anonymous_17)
FNF:18
FNH:17
FNDA:107,(anonymous_0)
FNDA:73,(anonymous_1)
FNDA:9,(anonymous_2)
FNDA:9,(anonymous_3)
FNDA:8,(anonymous_4)
FNDA:24,(anonymous_5)
FNDA:192,(anonymous_6)
FNDA:24,(anonymous_7)
FNDA:0,(anonymous_8)
FNDA:24,(anonymous_9)
FNDA:192,(anonymous_10)
FNDA:64,(anonymous_11)
FNDA:49,(anonymous_12)
FNDA:4,(anonymous_13)
FNDA:8,(anonymous_14)
FNDA:24,(anonymous_15)
FNDA:8,(anonymous_16)
FNDA:9,(anonymous_17)
DA:9,1
DA:10,1
DA:21,1
DA:23,107
DA:25,1
DA:31,1
DA:32,73
DA:34,73
DA:35,64
DA:36,64
DA:37,64
DA:38,64
DA:39,63
DA:40,63
DA:43,9
DA:45,73
DA:46,1
DA:48,73
DA:49,73
DA:52,73
DA:55,1
DA:56,9
DA:57,2
DA:59,9
DA:60,1
DA:62,9
DA:65,1
DA:67,9
DA:68,9
DA:70,1
DA:71,1
DA:74,9
DA:75,8
DA:77,1
DA:78,1
DA:79,1
DA:83,1
DA:84,8
DA:85,8
DA:86,24
DA:87,192
DA:88,192
DA:89,192
DA:90,58
DA:94,8
DA:97,1
DA:99,24
DA:100,24
DA:101,24
DA:102,0
DA:103,0
DA:104,0
DA:105,0
DA:110,0
DA:111,0
DA:115,1
DA:116,24
DA:117,24
DA:118,24
DA:119,24
DA:120,24
DA:121,24
DA:122,24
DA:123,192
DA:126,192
DA:127,106
DA:129,86
DA:130,86
DA:131,86
DA:137,86
DA:138,64
DA:139,64
DA:140,64
DA:141,64
DA:142,6
DA:144,58
DA:149,24
DA:150,24
DA:151,24
DA:153,24
DA:154,64
DA:155,64
DA:156,64
DA:157,64
DA:163,49
DA:164,49
DA:167,4
DA:172,1
DA:173,8
DA:174,8
DA:175,24
DA:177,8
DA:179,0
DA:180,0
DA:184,1
DA:185,8
DA:186,0
DA:188,8
DA:189,8
DA:190,8
DA:192,0
DA:193,0
DA:197,1
DA:198,9
DA:199,9
DA:200,9
DA:201,9
DA:203,9
DA:204,1
DA:205,1
DA:208,8
DA:209,8
DA:212,1
LF:113
LH:102
BRDA:31,0,0,9
BRDA:34,1,0,64
BRDA:34,1,1,9
BRDA:38,2,0,63
BRDA:38,2,1,1
BRDA:45,3,0,1
BRDA:45,3,1,72
BRDA:56,4,0,2
BRDA:56,4,1,7
BRDA:59,5,0,1
BRDA:59,5,1,8
BRDA:74,6,0,8
BRDA:74,6,1,1
BRDA:74,7,0,9
BRDA:74,7,1,8
BRDA:89,8,0,58
BRDA:89,8,1,134
BRDA:101,9,0,0
BRDA:101,9,1,24
BRDA:103,10,0,0
BRDA:103,10,1,0
BRDA:126,11,0,106
BRDA:126,11,1,86
BRDA:126,12,0,192
BRDA:126,12,1,169
BRDA:126,12,2,107
BRDA:130,13,0,86
BRDA:130,13,1,0
BRDA:137,14,0,64
BRDA:137,14,1,22
BRDA:141,15,0,6
BRDA:141,15,1,58
BRDA:185,16,0,0
BRDA:185,16,1,8
BRDA:198,17,0,9
BRDA:198,17,1,7
BRDA:199,18,0,9
BRDA:199,18,1,5
BRDA:203,19,0,1
BRDA:203,19,1,8
BRF:40
BRH:35
end_of_record
