TN:
SF:src/index.js
FN:30,(anonymous_0)
FN:38,(anonymous_1)
FN:45,(anonymous_2)
FN:65,(anonymous_3)
FN:83,(anonymous_4)
FN:101,(anonymous_5)
FN:103,(anonymous_6)
FN:104,(anonymous_7)
FN:115,(anonymous_8)
FN:120,(anonymous_9)
FN:133,(anonymous_10)
FN:140,(anonymous_11)
FN:171,(anonymous_12)
FN:186,(anonymous_13)
FN:188,(anonymous_14)
FN:198,(anonymous_15)
FN:212,(anonymous_16)
FNF:17
FNH:15
FNDA:9,(anonymous_0)
FNDA:1,(anonymous_1)
FNDA:119,(anonymous_2)
FNDA:5,(anonymous_3)
FNDA:2,(anonymous_4)
FNDA:2,(anonymous_5)
FNDA:6,(anonymous_6)
FNDA:12,(anonymous_7)
FNDA:9,(anonymous_8)
FNDA:0,(anonymous_9)
FNDA:9,(anonymous_10)
FNDA:21,(anonymous_11)
FNDA:14,(anonymous_12)
FNDA:2,(anonymous_13)
FNDA:6,(anonymous_14)
FNDA:1,(anonymous_15)
FNDA:0,(anonymous_16)
DA:7,4
DA:8,4
DA:19,4
DA:21,4
DA:30,9
DA:32,4
DA:38,4
DA:39,1
DA:45,4
DA:46,119
DA:48,119
DA:49,14
DA:50,14
DA:51,14
DA:52,14
DA:53,14
DA:54,14
DA:57,105
DA:59,119
DA:62,119
DA:65,4
DA:66,5
DA:67,5
DA:68,5
DA:69,5
DA:70,5
DA:71,4
DA:73,5
DA:74,3
DA:76,5
DA:78,0
DA:79,0
DA:83,4
DA:85,2
DA:86,2
DA:88,1
DA:89,1
DA:92,2
DA:93,1
DA:95,1
DA:96,1
DA:97,1
DA:101,4
DA:102,2
DA:103,2
DA:104,6
DA:105,12
DA:106,12
DA:107,12
DA:108,4
DA:112,2
DA:115,4
DA:117,9
DA:118,9
DA:119,9
DA:120,0
DA:121,0
DA:122,0
DA:123,0
DA:128,0
DA:129,0
DA:133,4
DA:134,9
DA:135,9
DA:136,9
DA:137,9
DA:138,9
DA:139,9
DA:140,9
DA:141,21
DA:144,21
DA:145,3
DA:147,18
DA:148,18
DA:149,18
DA:155,18
DA:156,14
DA:157,14
DA:158,14
DA:159,14
DA:160,6
DA:162,8
DA:167,9
DA:168,9
DA:169,9
DA:171,9
DA:172,14
DA:173,14
DA:174,14
DA:179,0
DA:181,0
DA:186,4
DA:187,2
DA:188,2
DA:189,6
DA:191,2
DA:193,0
DA:194,0
DA:198,4
DA:199,1
DA:200,0
DA:202,1
DA:203,1
DA:204,1
DA:206,0
DA:207,0
DA:209,1
DA:212,4
DA:213,0
DA:214,0
DA:215,0
DA:217,0
DA:218,0
DA:219,0
DA:222,0
DA:223,0
DA:226,4
LF:117
LH:94
BRDA:45,0,0,105
BRDA:48,1,0,14
BRDA:48,1,1,105
BRDA:52,2,0,14
BRDA:52,2,1,0
BRDA:70,3,0,4
BRDA:70,3,1,1
BRDA:73,4,0,3
BRDA:73,4,1,2
BRDA:92,5,0,1
BRDA:92,5,1,1
BRDA:92,6,0,2
BRDA:92,6,1,1
BRDA:107,7,0,4
BRDA:107,7,1,8
BRDA:119,8,0,0
BRDA:119,8,1,9
BRDA:121,9,0,0
BRDA:121,9,1,0
BRDA:144,10,0,3
BRDA:144,10,1,18
BRDA:144,11,0,21
BRDA:144,11,1,21
BRDA:144,11,2,9
BRDA:148,12,0,18
BRDA:148,12,1,0
BRDA:155,13,0,14
BRDA:155,13,1,4
BRDA:159,14,0,6
BRDA:159,14,1,8
BRDA:199,15,0,0
BRDA:199,15,1,1
BRDA:217,16,0,0
BRDA:217,16,1,0
BRF:34
BRH:26
end_of_record
